# JRE version: OpenJDK Runtime Environment Temurin-21.0.7+6 (21.0.7+6) (build 21.0.7+6-LTS)
# Java VM: OpenJDK 64-Bit Server VM Temurin-21.0.7+6 (21.0.7+6-LTS, mixed mode, sharing, tiered, compressed oops, compressed class ptrs, parallel gc, windows-amd64)
GC Precious Log:
 CardTable entry size: 512
 CPUs: 4 total, 4 available
 Memory: 12122M
 Large Page Support: Disabled
 NUMA Support: Disabled
 Compressed Oops: Enabled (32-bit)
 Alignments: Space 512K, Generation 512K, Heap 2M
 Heap Min Capacity: 100M
 Heap Initial Capacity: 100M
 Heap Max Capacity: 1G
 Pre-touch: Disabled
 Parallel Workers: 4
Heap:
 PSYoungGen      total 7680K, used 7626K [0x00000000eab00000, 0x00000000eb900000, 0x0000000100000000)
  eden space 3584K, 99% used [0x00000000eab00000,0x00000000eae7a810,0x00000000eae80000)
  from space 4096K, 99% used [0x00000000eb300000,0x00000000eb6f8000,0x00000000eb700000)
  to   space 4608K, 75% used [0x00000000eae80000,0x00000000eb1e9800,0x00000000eb300000)
 ParOldGen       total 669184K, used 669178K [0x00000000c0000000, 0x00000000e8d80000, 0x00000000eab00000)
  object space 669184K, 99% used [0x00000000c0000000,0x00000000e8d7e948,0x00000000e8d80000)
 Metaspace       used 87429K, committed 89088K, reserved 1179648K
  class space    used 8640K, committed 9408K, reserved 1048576K
GC Heap History (20 events):
Event: 746.227 GC heap after
{Heap after GC invocations=2463 (full 10):
 PSYoungGen      total 3072K, used 928K [0x00000000eab00000, 0x00000000eb100000, 0x0000000100000000)
  eden space 2048K, 0% used [0x00000000eab00000,0x00000000eab00000,0x00000000ead00000)
  from space 1024K, 90% used [0x00000000eb000000,0x00000000eb0e8010,0x00000000eb100000)
  to   space 1024K, 0% used [0x00000000eaf00000,0x00000000eaf00000,0x00000000eb000000)
 ParOldGen       total 629760K, used 629454K [0x00000000c0000000, 0x00000000e6700000, 0x00000000eab00000)
  object space 629760K, 99% used [0x00000000c0000000,0x00000000e66b38f8,0x00000000e6700000)
 Metaspace       used 87426K, committed 89088K, reserved 1179648K
  class space    used 8640K, committed 9408K, reserved 1048576K
}
Event: 746.231 GC heap before
{Heap before GC invocations=2464 (full 10):
 PSYoungGen      total 3072K, used 2831K [0x00000000eab00000, 0x00000000eb100000, 0x0000000100000000)
  eden space 2048K, 92% used [0x00000000eab00000,0x00000000eacdbc68,0x00000000ead00000)
  from space 1024K, 90% used [0x00000000eb000000,0x00000000eb0e8010,0x00000000eb100000)
  to   space 1024K, 0% used [0x00000000eaf00000,0x00000000eaf00000,0x00000000eb000000)
 ParOldGen       total 629760K, used 629454K [0x00000000c0000000, 0x00000000e6700000, 0x00000000eab00000)
  object space 629760K, 99% used [0x00000000c0000000,0x00000000e66b38f8,0x00000000e6700000)
 Metaspace       used 87426K, committed 89088K, reserved 1179648K
  class space    used 8640K, committed 9408K, reserved 1048576K
}
Event: 746.233 GC heap after
{Heap after GC invocations=2464 (full 10):
 PSYoungGen      total 3584K, used 1022K [0x00000000eab00000, 0x00000000eb380000, 0x0000000100000000)
  eden space 2560K, 0% used [0x00000000eab00000,0x00000000eab00000,0x00000000ead80000)
  from space 1024K, 99% used [0x00000000eaf00000,0x00000000eafffbe0,0x00000000eb000000)
  to   space 3072K, 0% used [0x00000000eb080000,0x00000000eb080000,0x00000000eb380000)
 ParOldGen       total 631296K, used 631142K [0x00000000c0000000, 0x00000000e6880000, 0x00000000eab00000)
  object space 631296K, 99% used [0x00000000c0000000,0x00000000e6859918,0x00000000e6880000)
 Metaspace       used 87426K, committed 89088K, reserved 1179648K
  class space    used 8640K, committed 9408K, reserved 1048576K
}
Event: 746.242 GC heap before
{Heap before GC invocations=2465 (full 10):
 PSYoungGen      total 3584K, used 3582K [0x00000000eab00000, 0x00000000eb380000, 0x0000000100000000)
  eden space 2560K, 100% used [0x00000000eab00000,0x00000000ead80000,0x00000000ead80000)
  from space 1024K, 99% used [0x00000000eaf00000,0x00000000eafffbe0,0x00000000eb000000)
  to   space 3072K, 0% used [0x00000000eb080000,0x00000000eb080000,0x00000000eb380000)
 ParOldGen       total 631296K, used 631142K [0x00000000c0000000, 0x00000000e6880000, 0x00000000eab00000)
  object space 631296K, 99% used [0x00000000c0000000,0x00000000e6859918,0x00000000e6880000)
 Metaspace       used 87426K, committed 89088K, reserved 1179648K
  class space    used 8640K, committed 9408K, reserved 1048576K
}
Event: 746.244 GC heap after
{Heap after GC invocations=2465 (full 10):
 PSYoungGen      total 5632K, used 1688K [0x00000000eab00000, 0x00000000eb300000, 0x0000000100000000)
  eden space 3072K, 0% used [0x00000000eab00000,0x00000000eab00000,0x00000000eae00000)
  from space 2560K, 65% used [0x00000000eb080000,0x00000000eb2260b0,0x00000000eb300000)
  to   space 2560K, 0% used [0x00000000eae00000,0x00000000eae00000,0x00000000eb080000)
 ParOldGen       total 632320K, used 632169K [0x00000000c0000000, 0x00000000e6980000, 0x00000000eab00000)
  object space 632320K, 99% used [0x00000000c0000000,0x00000000e695a418,0x00000000e6980000)
 Metaspace       used 87426K, committed 89088K, reserved 1179648K
  class space    used 8640K, committed 9408K, reserved 1048576K
}
Event: 746.425 GC heap before
{Heap before GC invocations=2466 (full 10):
 PSYoungGen      total 5632K, used 4760K [0x00000000eab00000, 0x00000000eb300000, 0x0000000100000000)
  eden space 3072K, 100% used [0x00000000eab00000,0x00000000eae00000,0x00000000eae00000)
  from space 2560K, 65% used [0x00000000eb080000,0x00000000eb2260b0,0x00000000eb300000)
  to   space 2560K, 0% used [0x00000000eae00000,0x00000000eae00000,0x00000000eb080000)
 ParOldGen       total 664064K, used 662889K [0x00000000c0000000, 0x00000000e8880000, 0x00000000eab00000)
  object space 664064K, 99% used [0x00000000c0000000,0x00000000e875a448,0x00000000e8880000)
 Metaspace       used 87427K, committed 89088K, reserved 1179648K
  class space    used 8640K, committed 9408K, reserved 1048576K
}
Event: 746.427 GC heap after
{Heap after GC invocations=2466 (full 10):
 PSYoungGen      total 3584K, used 192K [0x00000000eab00000, 0x00000000eb100000, 0x0000000100000000)
  eden space 3072K, 0% used [0x00000000eab00000,0x00000000eab00000,0x00000000eae00000)
  from space 512K, 37% used [0x00000000eae00000,0x00000000eae30000,0x00000000eae80000)
  to   space 1024K, 0% used [0x00000000eb000000,0x00000000eb000000,0x00000000eb100000)
 ParOldGen       total 664064K, used 663577K [0x00000000c0000000, 0x00000000e8880000, 0x00000000eab00000)
  object space 664064K, 99% used [0x00000000c0000000,0x00000000e8806448,0x00000000e8880000)
 Metaspace       used 87427K, committed 89088K, reserved 1179648K
  class space    used 8640K, committed 9408K, reserved 1048576K
}
Event: 746.432 GC heap before
{Heap before GC invocations=2467 (full 10):
 PSYoungGen      total 3584K, used 3264K [0x00000000eab00000, 0x00000000eb100000, 0x0000000100000000)
  eden space 3072K, 100% used [0x00000000eab00000,0x00000000eae00000,0x00000000eae00000)
  from space 512K, 37% used [0x00000000eae00000,0x00000000eae30000,0x00000000eae80000)
  to   space 1024K, 0% used [0x00000000eb000000,0x00000000eb000000,0x00000000eb100000)
 ParOldGen       total 664064K, used 663577K [0x00000000c0000000, 0x00000000e8880000, 0x00000000eab00000)
  object space 664064K, 99% used [0x00000000c0000000,0x00000000e8806448,0x00000000e8880000)
 Metaspace       used 87427K, committed 89088K, reserved 1179648K
  class space    used 8640K, committed 9408K, reserved 1048576K
}
Event: 746.433 GC heap after
{Heap after GC invocations=2467 (full 10):
 PSYoungGen      total 5120K, used 586K [0x00000000eab00000, 0x00000000eb100000, 0x0000000100000000)
  eden space 4096K, 0% used [0x00000000eab00000,0x00000000eab00000,0x00000000eaf00000)
  from space 1024K, 57% used [0x00000000eb000000,0x00000000eb092910,0x00000000eb100000)
  to   space 1024K, 0% used [0x00000000eaf00000,0x00000000eaf00000,0x00000000eb000000)
 ParOldGen       total 664064K, used 663697K [0x00000000c0000000, 0x00000000e8880000, 0x00000000eab00000)
  object space 664064K, 99% used [0x00000000c0000000,0x00000000e8824448,0x00000000e8880000)
 Metaspace       used 87427K, committed 89088K, reserved 1179648K
  class space    used 8640K, committed 9408K, reserved 1048576K
}
Event: 746.843 GC heap before
{Heap before GC invocations=2468 (full 10):
 PSYoungGen      total 5120K, used 4682K [0x00000000eab00000, 0x00000000eb100000, 0x0000000100000000)
  eden space 4096K, 100% used [0x00000000eab00000,0x00000000eaf00000,0x00000000eaf00000)
  from space 1024K, 57% used [0x00000000eb000000,0x00000000eb092910,0x00000000eb100000)
  to   space 1024K, 0% used [0x00000000eaf00000,0x00000000eaf00000,0x00000000eb000000)
 ParOldGen       total 664064K, used 663697K [0x00000000c0000000, 0x00000000e8880000, 0x00000000eab00000)
  object space 664064K, 99% used [0x00000000c0000000,0x00000000e8824448,0x00000000e8880000)
 Metaspace       used 87427K, committed 89088K, reserved 1179648K
  class space    used 8640K, committed 9408K, reserved 1048576K
}
Event: 746.845 GC heap after
{Heap after GC invocations=2468 (full 10):
 PSYoungGen      total 5120K, used 624K [0x00000000eab00000, 0x00000000eb200000, 0x0000000100000000)
  eden space 4096K, 0% used [0x00000000eab00000,0x00000000eab00000,0x00000000eaf00000)
  from space 1024K, 60% used [0x00000000eaf00000,0x00000000eaf9c010,0x00000000eb000000)
  to   space 1024K, 0% used [0x00000000eb100000,0x00000000eb100000,0x00000000eb200000)
 ParOldGen       total 664576K, used 664221K [0x00000000c0000000, 0x00000000e8900000, 0x00000000eab00000)
  object space 664576K, 99% used [0x00000000c0000000,0x00000000e88a7658,0x00000000e8900000)
 Metaspace       used 87427K, committed 89088K, reserved 1179648K
  class space    used 8640K, committed 9408K, reserved 1048576K
}
Event: 747.409 GC heap before
{Heap before GC invocations=2469 (full 10):
 PSYoungGen      total 5120K, used 4720K [0x00000000eab00000, 0x00000000eb200000, 0x0000000100000000)
  eden space 4096K, 100% used [0x00000000eab00000,0x00000000eaf00000,0x00000000eaf00000)
  from space 1024K, 60% used [0x00000000eaf00000,0x00000000eaf9c010,0x00000000eb000000)
  to   space 1024K, 0% used [0x00000000eb100000,0x00000000eb100000,0x00000000eb200000)
 ParOldGen       total 664576K, used 664221K [0x00000000c0000000, 0x00000000e8900000, 0x00000000eab00000)
  object space 664576K, 99% used [0x00000000c0000000,0x00000000e88a7658,0x00000000e8900000)
 Metaspace       used 87427K, committed 89088K, reserved 1179648K
  class space    used 8640K, committed 9408K, reserved 1048576K
}
Event: 747.411 GC heap after
{Heap after GC invocations=2469 (full 10):
 PSYoungGen      total 4608K, used 96K [0x00000000eab00000, 0x00000000eb180000, 0x0000000100000000)
  eden space 4096K, 0% used [0x00000000eab00000,0x00000000eab00000,0x00000000eaf00000)
  from space 512K, 18% used [0x00000000eb100000,0x00000000eb118000,0x00000000eb180000)
  to   space 512K, 0% used [0x00000000eb080000,0x00000000eb080000,0x00000000eb100000)
 ParOldGen       total 664576K, used 664285K [0x00000000c0000000, 0x00000000e8900000, 0x00000000eab00000)
  object space 664576K, 99% used [0x00000000c0000000,0x00000000e88b7658,0x00000000e8900000)
 Metaspace       used 87427K, committed 89088K, reserved 1179648K
  class space    used 8640K, committed 9408K, reserved 1048576K
}
Event: 747.424 GC heap before
{Heap before GC invocations=2470 (full 10):
 PSYoungGen      total 4608K, used 4192K [0x00000000eab00000, 0x00000000eb180000, 0x0000000100000000)
  eden space 4096K, 100% used [0x00000000eab00000,0x00000000eaf00000,0x00000000eaf00000)
  from space 512K, 18% used [0x00000000eb100000,0x00000000eb118000,0x00000000eb180000)
  to   space 512K, 0% used [0x00000000eb080000,0x00000000eb080000,0x00000000eb100000)
 ParOldGen       total 664576K, used 664285K [0x00000000c0000000, 0x00000000e8900000, 0x00000000eab00000)
  object space 664576K, 99% used [0x00000000c0000000,0x00000000e88b7658,0x00000000e8900000)
 Metaspace       used 87429K, committed 89088K, reserved 1179648K
  class space    used 8640K, committed 9408K, reserved 1048576K
}
Event: 747.428 GC heap after
{Heap after GC invocations=2470 (full 10):
 PSYoungGen      total 4608K, used 512K [0x00000000eab00000, 0x00000000eb700000, 0x0000000100000000)
  eden space 4096K, 0% used [0x00000000eab00000,0x00000000eab00000,0x00000000eaf00000)
  from space 512K, 100% used [0x00000000eb080000,0x00000000eb100000,0x00000000eb100000)
  to   space 4096K, 0% used [0x00000000eb300000,0x00000000eb300000,0x00000000eb700000)
 ParOldGen       total 667136K, used 666978K [0x00000000c0000000, 0x00000000e8b80000, 0x00000000eab00000)
  object space 667136K, 99% used [0x00000000c0000000,0x00000000e8b58938,0x00000000e8b80000)
 Metaspace       used 87429K, committed 89088K, reserved 1179648K
  class space    used 8640K, committed 9408K, reserved 1048576K
}
Event: 747.440 GC heap before
{Heap before GC invocations=2471 (full 10):
 PSYoungGen      total 4608K, used 4608K [0x00000000eab00000, 0x00000000eb700000, 0x0000000100000000)
  eden space 4096K, 100% used [0x00000000eab00000,0x00000000eaf00000,0x00000000eaf00000)
  from space 512K, 100% used [0x00000000eb080000,0x00000000eb100000,0x00000000eb100000)
  to   space 4096K, 0% used [0x00000000eb300000,0x00000000eb300000,0x00000000eb700000)
 ParOldGen       total 667136K, used 666978K [0x00000000c0000000, 0x00000000e8b80000, 0x00000000eab00000)
  object space 667136K, 99% used [0x00000000c0000000,0x00000000e8b58938,0x00000000e8b80000)
 Metaspace       used 87429K, committed 89088K, reserved 1179648K
  class space    used 8640K, committed 9408K, reserved 1048576K
}
Event: 747.448 GC heap after
{Heap after GC invocations=2471 (full 10):
 PSYoungGen      total 7680K, used 4064K [0x00000000eab00000, 0x00000000eb900000, 0x0000000100000000)
  eden space 3584K, 0% used [0x00000000eab00000,0x00000000eab00000,0x00000000eae80000)
  from space 4096K, 99% used [0x00000000eb300000,0x00000000eb6f8000,0x00000000eb700000)
  to   space 4608K, 0% used [0x00000000eae80000,0x00000000eae80000,0x00000000eb300000)
 ParOldGen       total 667648K, used 667514K [0x00000000c0000000, 0x00000000e8c00000, 0x00000000eab00000)
  object space 667648K, 99% used [0x00000000c0000000,0x00000000e8bde948,0x00000000e8c00000)
 Metaspace       used 87429K, committed 89088K, reserved 1179648K
  class space    used 8640K, committed 9408K, reserved 1048576K
}
Event: 747.460 GC heap before
{Heap before GC invocations=2472 (full 10):
 PSYoungGen      total 7680K, used 7626K [0x00000000eab00000, 0x00000000eb900000, 0x0000000100000000)
  eden space 3584K, 99% used [0x00000000eab00000,0x00000000eae7a810,0x00000000eae80000)
  from space 4096K, 99% used [0x00000000eb300000,0x00000000eb6f8000,0x00000000eb700000)
  to   space 4608K, 0% used [0x00000000eae80000,0x00000000eae80000,0x00000000eb300000)
 ParOldGen       total 667648K, used 667514K [0x00000000c0000000, 0x00000000e8c00000, 0x00000000eab00000)
  object space 667648K, 99% used [0x00000000c0000000,0x00000000e8bde948,0x00000000e8c00000)
 Metaspace       used 87429K, committed 89088K, reserved 1179648K
  class space    used 8640K, committed 9408K, reserved 1048576K
}
Event: 747.465 GC heap after
{Heap after GC invocations=2472 (full 10):
 PSYoungGen      total 7680K, used 7626K [0x00000000eab00000, 0x00000000eb900000, 0x0000000100000000)
  eden space 3584K, 99% used [0x00000000eab00000,0x00000000eae7a810,0x00000000eae80000)
  from space 4096K, 99% used [0x00000000eb300000,0x00000000eb6f8000,0x00000000eb700000)
  to   space 4608K, 75% used [0x00000000eae80000,0x00000000eb1e9800,0x00000000eb300000)
 ParOldGen       total 669184K, used 669178K [0x00000000c0000000, 0x00000000e8d80000, 0x00000000eab00000)
  object space 669184K, 99% used [0x00000000c0000000,0x00000000e8d7e948,0x00000000e8d80000)
 Metaspace       used 87429K, committed 89088K, reserved 1179648K
  class space    used 8640K, committed 9408K, reserved 1048576K
}
Event: 747.465 GC heap before
{Heap before GC invocations=2473 (full 11):
 PSYoungGen      total 7680K, used 7626K [0x00000000eab00000, 0x00000000eb900000, 0x0000000100000000)
  eden space 3584K, 99% used [0x00000000eab00000,0x00000000eae7a810,0x00000000eae80000)
  from space 4096K, 99% used [0x00000000eb300000,0x00000000eb6f8000,0x00000000eb700000)
  to   space 4608K, 75% used [0x00000000eae80000,0x00000000eb1e9800,0x00000000eb300000)
 ParOldGen       total 669184K, used 669178K [0x00000000c0000000, 0x00000000e8d80000, 0x00000000eab00000)
  object space 669184K, 99% used [0x00000000c0000000,0x00000000e8d7e948,0x00000000e8d80000)
 Metaspace       used 87429K, committed 89088K, reserved 1179648K
  class space    used 8640K, committed 9408K, reserved 1048576K
}

